50
254
140
31
10
23
42
53
551
13
27
5
11
52
19
508
45
743
795
784
777
66
36
96
33
60
453
51
12
28
773
43
699
40
41
788
44
64
647
705
15
719
495
723
17
48
9
94
21
56
757
104
727
789
1
722
78
764
793
138
68
97
728
75
665
37
750
91
58
8
632
29
22
38
109
108
47
110
780
88
32
101
55
712
157
67
4
770
0
69
20
99
710
85
103
766
756
39
123
134
116
115
143
133
61
758
197
59
736
198
234
173
135
71
141
238
72
87
126
350
165
163
18
130
14
359
150
118
720
196
154
792
131
167
146
202
172
221
156
404
151
249
515
174
121
187
83
185
798
145
35
189
127
208
107
89
162
180
204
152
112
176
158
125
190
168
417
210
765
251
144
34
267
177
170
182
329
211
149
142
124
244
256
768
129
230
199
111
184
6
232
128
279
250
201
220
239
755
676
786
166
113
207
286
214
332
169
82
242
225
216
778
183
92
80
153
342
240
745
785
236
261
227
195
282
100
148
223
30
160
159
119
262
235
680
200
132
237
653
295
296
155
438
413
253
206
258
270
724
63
302
213
277
54
278
794
26
280
273
268
263
161
283
178
218
383
266
252
186
425
248
381
711
179
288
224
289
303
291
188
569
274
259
304
191
215
2
297
654
219
285
245
306
264
340
394
341
294
384
368
324
312
779
181
246
325
315
443
203
308
326
313
454
229
397
365
714
217
314
255
275
346
136
309
284
320
336
337
347
774
307
369
293
334
348
301
352
490
370
949
762
358
330
241
281
292
300
257
787
355
362
715
114
948
372
349
228
299
298
461
343
379
310
338
947
357
374
345
677
271
317
319
363
725
389
391
418
351
387
606
380
269
276
424
410
405
407
462
796
331
390
323
401
395
305
411
247
393
147
311
327
496
399
408
523
356
212
290
367
382
375
445
388
498
437
403
139
392
430
426
378
328
464
260
446
422
416
558
435
440
354
414
333
591
466
421
412
49
561
452
460
594
609
484
448
406
450
287
427
456
457
361
272
25
459
439
433
517
566
468
451
471
344
434
398
485
373
568
652
473
470
481
419
475
458
396
604
436
536
376
322
489
415
480
442
482
525
469
194
463
420
518
409
504
506
499
487
441
538
494
500
366
542
492
607
520
501
510
491
541
507
511
488
431
493
522
503
423
575
526
529
243
531
582
467
562
513
449
556
465
428
532
512
514
444
534
791
546
316
543
70
175
696
548
447
93
637
516
455
530
552
519
570
535
486
557
533
540
171
586
527
521
479
578
497
502
550
572
321
588
581
580
579
618
360
528
544
577
371
573
565
476
595
563
505
429
560
209
559
596
122
584
592
598
599
524
377
545
585
402
603
587
611
668
537
547
553
761
614
619
265
608
564
386
616
226
574
602
626
627
622
617
605
629
555
641
651
639
117
77
633
634
638
567
624
664
549
590
644
571
642
432
593
682
667
772
554
649
628
640
472
650
660
775
643
760
576
539
623
655
630
662
701
648
318
612
597
686
790
631
673
106
666
73
659
671
589
678
610
687
679
670
690
698
704
625
600
615
681
663
694
613
685
65
697
601
738
620
193
693
474
708
636
646
717
684
734
635
700
706
716
689
657
90
658
120
509
645
692
718
688
656
726
713
729
721
735
669
478
661
747
702
730
335
741
703
477
732
691
737
400
731
233
739
740
742
782
24
707
749
748
674
746
763
752
754
769
751
672
675
759
62
621
86
3
744
695
98
231
709
76
767
776
192
733
74
797
81
84
95
783
946
683
771
79
483
102
164
105
222
7
137
205
385
16
57
583
753
46
799
